CRITICAL - 2023-01-29 20:12:08 --> Call to undefined method CodeIgniter\Session\Session::userdata()
#0 /opt/lampp/htdocs/kantor/system/CodeIgniter.php(936): App\Controllers\Home->index()
#1 /opt/lampp/htdocs/kantor/system/CodeIgniter.php(432): CodeIgniter\CodeIgniter->runController(Object(App\Controllers\Home))
#2 /opt/lampp/htdocs/kantor/system/CodeIgniter.php(333): CodeIgniter\CodeIgniter->handleRequest(NULL, Object(Config\Cache), false)
#3 /opt/lampp/htdocs/kantor/index.php(44): CodeIgniter\CodeIgniter->run()
#4 {main}
CRITICAL - 2023-01-29 20:14:11 --> Call to a member function has() on null
#0 /opt/lampp/htdocs/kantor/system/CodeIgniter.php(936): App\Controllers\Home->index()
#1 /opt/lampp/htdocs/kantor/system/CodeIgniter.php(432): CodeIgniter\CodeIgniter->runController(Object(App\Controllers\Home))
#2 /opt/lampp/htdocs/kantor/system/CodeIgniter.php(333): CodeIgniter\CodeIgniter->handleRequest(NULL, Object(Config\Cache), false)
#3 /opt/lampp/htdocs/kantor/index.php(44): CodeIgniter\CodeIgniter->run()
#4 {main}
CRITICAL - 2023-01-29 20:14:13 --> Call to a member function has() on null
#0 /opt/lampp/htdocs/kantor/system/CodeIgniter.php(936): App\Controllers\Home->index()
#1 /opt/lampp/htdocs/kantor/system/CodeIgniter.php(432): CodeIgniter\CodeIgniter->runController(Object(App\Controllers\Home))
#2 /opt/lampp/htdocs/kantor/system/CodeIgniter.php(333): CodeIgniter\CodeIgniter->handleRequest(NULL, Object(Config\Cache), false)
#3 /opt/lampp/htdocs/kantor/index.php(44): CodeIgniter\CodeIgniter->run()
#4 {main}
CRITICAL - 2023-01-29 20:14:33 -->  route cannot be found while reverse-routing.
#0 /opt/lampp/htdocs/kantor/system/HTTP/RedirectResponse.php(63): CodeIgniter\HTTP\Exceptions\HTTPException::forInvalidRedirectRoute('')
#1 /opt/lampp/htdocs/kantor/system/Common.php(918): CodeIgniter\HTTP\RedirectResponse->route(false)
#2 /opt/lampp/htdocs/kantor/app/Controllers/Home.php(10): redirect('login')
#3 /opt/lampp/htdocs/kantor/system/CodeIgniter.php(936): App\Controllers\Home->index()
#4 /opt/lampp/htdocs/kantor/system/CodeIgniter.php(432): CodeIgniter\CodeIgniter->runController(Object(App\Controllers\Home))
#5 /opt/lampp/htdocs/kantor/system/CodeIgniter.php(333): CodeIgniter\CodeIgniter->handleRequest(NULL, Object(Config\Cache), false)
#6 /opt/lampp/htdocs/kantor/index.php(44): CodeIgniter\CodeIgniter->run()
#7 {main}
CRITICAL - 2023-01-29 21:22:14 -->  route cannot be found while reverse-routing.
#0 /opt/lampp/htdocs/kantor/system/HTTP/RedirectResponse.php(63): CodeIgniter\HTTP\Exceptions\HTTPException::forInvalidRedirectRoute('')
#1 /opt/lampp/htdocs/kantor/system/Common.php(918): CodeIgniter\HTTP\RedirectResponse->route(false)
#2 /opt/lampp/htdocs/kantor/app/Controllers/Home.php(10): redirect('logins')
#3 /opt/lampp/htdocs/kantor/system/CodeIgniter.php(936): App\Controllers\Home->index()
#4 /opt/lampp/htdocs/kantor/system/CodeIgniter.php(432): CodeIgniter\CodeIgniter->runController(Object(App\Controllers\Home))
#5 /opt/lampp/htdocs/kantor/system/CodeIgniter.php(333): CodeIgniter\CodeIgniter->handleRequest(NULL, Object(Config\Cache), false)
#6 /opt/lampp/htdocs/kantor/index.php(44): CodeIgniter\CodeIgniter->run()
#7 {main}
CRITICAL - 2023-01-29 21:33:20 --> Call to undefined function form_open()
#0 /opt/lampp/htdocs/kantor/system/View/View.php(220): include()
#1 /opt/lampp/htdocs/kantor/system/View/View.php(222): CodeIgniter\View\View->CodeIgniter\View\{closure}()
#2 /opt/lampp/htdocs/kantor/system/Common.php(1217): CodeIgniter\View\View->render('login', Array, true)
#3 /opt/lampp/htdocs/kantor/app/Controllers/C_login.php(9): view('login')
#4 /opt/lampp/htdocs/kantor/system/CodeIgniter.php(936): App\Controllers\C_login->index()
#5 /opt/lampp/htdocs/kantor/system/CodeIgniter.php(432): CodeIgniter\CodeIgniter->runController(Object(App\Controllers\C_login))
#6 /opt/lampp/htdocs/kantor/system/CodeIgniter.php(333): CodeIgniter\CodeIgniter->handleRequest(NULL, Object(Config\Cache), false)
#7 /opt/lampp/htdocs/kantor/index.php(44): CodeIgniter\CodeIgniter->run()
#8 {main}
CRITICAL - 2023-01-29 21:34:46 --> Call to undefined function form_error()
#0 /opt/lampp/htdocs/kantor/system/View/View.php(220): include()
#1 /opt/lampp/htdocs/kantor/system/View/View.php(222): CodeIgniter\View\View->CodeIgniter\View\{closure}()
#2 /opt/lampp/htdocs/kantor/system/Common.php(1217): CodeIgniter\View\View->render('login', Array, true)
#3 /opt/lampp/htdocs/kantor/app/Controllers/C_login.php(9): view('login')
#4 /opt/lampp/htdocs/kantor/system/CodeIgniter.php(936): App\Controllers\C_login->index()
#5 /opt/lampp/htdocs/kantor/system/CodeIgniter.php(432): CodeIgniter\CodeIgniter->runController(Object(App\Controllers\C_login))
#6 /opt/lampp/htdocs/kantor/system/CodeIgniter.php(333): CodeIgniter\CodeIgniter->handleRequest(NULL, Object(Config\Cache), false)
#7 /opt/lampp/htdocs/kantor/index.php(44): CodeIgniter\CodeIgniter->run()
#8 {main}
CRITICAL - 2023-01-29 21:35:19 --> Call to undefined function form_error()
#0 /opt/lampp/htdocs/kantor/system/View/View.php(220): include()
#1 /opt/lampp/htdocs/kantor/system/View/View.php(222): CodeIgniter\View\View->CodeIgniter\View\{closure}()
#2 /opt/lampp/htdocs/kantor/system/Common.php(1217): CodeIgniter\View\View->render('login', Array, true)
#3 /opt/lampp/htdocs/kantor/app/Controllers/C_login.php(9): view('login')
#4 /opt/lampp/htdocs/kantor/system/CodeIgniter.php(936): App\Controllers\C_login->index()
#5 /opt/lampp/htdocs/kantor/system/CodeIgniter.php(432): CodeIgniter\CodeIgniter->runController(Object(App\Controllers\C_login))
#6 /opt/lampp/htdocs/kantor/system/CodeIgniter.php(333): CodeIgniter\CodeIgniter->handleRequest(NULL, Object(Config\Cache), false)
#7 /opt/lampp/htdocs/kantor/index.php(44): CodeIgniter\CodeIgniter->run()
#8 {main}
CRITICAL - 2023-01-29 21:35:34 --> Call to undefined function set_value()
#0 /opt/lampp/htdocs/kantor/system/View/View.php(220): include()
#1 /opt/lampp/htdocs/kantor/system/View/View.php(222): CodeIgniter\View\View->CodeIgniter\View\{closure}()
#2 /opt/lampp/htdocs/kantor/system/Common.php(1217): CodeIgniter\View\View->render('login', Array, true)
#3 /opt/lampp/htdocs/kantor/app/Controllers/C_login.php(9): view('login')
#4 /opt/lampp/htdocs/kantor/system/CodeIgniter.php(936): App\Controllers\C_login->index()
#5 /opt/lampp/htdocs/kantor/system/CodeIgniter.php(432): CodeIgniter\CodeIgniter->runController(Object(App\Controllers\C_login))
#6 /opt/lampp/htdocs/kantor/system/CodeIgniter.php(333): CodeIgniter\CodeIgniter->handleRequest(NULL, Object(Config\Cache), false)
#7 /opt/lampp/htdocs/kantor/index.php(44): CodeIgniter\CodeIgniter->run()
#8 {main}
