CRITICAL - 2023-01-30 17:29:10 --> Call to undefined function form_error()
#0 /opt/lampp/htdocs/kantor/system/View/View.php(220): include()
#1 /opt/lampp/htdocs/kantor/system/View/View.php(222): CodeIgniter\View\View->CodeIgniter\View\{closure}()
#2 /opt/lampp/htdocs/kantor/system/Common.php(1217): CodeIgniter\View\View->render('login', Array, true)
#3 /opt/lampp/htdocs/kantor/app/Controllers/C_login.php(9): view('login')
#4 /opt/lampp/htdocs/kantor/system/CodeIgniter.php(936): App\Controllers\C_login->index()
#5 /opt/lampp/htdocs/kantor/system/CodeIgniter.php(432): CodeIgniter\CodeIgniter->runController(Object(App\Controllers\C_login))
#6 /opt/lampp/htdocs/kantor/system/CodeIgniter.php(333): CodeIgniter\CodeIgniter->handleRequest(NULL, Object(Config\Cache), false)
#7 /opt/lampp/htdocs/kantor/index.php(44): CodeIgniter\CodeIgniter->run()
#8 {main}
CRITICAL - 2023-01-30 21:54:56 --> Call to undefined function validation_list_errors()
#0 /opt/lampp/htdocs/kantor/system/View/View.php(220): include()
#1 /opt/lampp/htdocs/kantor/system/View/View.php(222): CodeIgniter\View\View->CodeIgniter\View\{closure}()
#2 /opt/lampp/htdocs/kantor/system/Common.php(1217): CodeIgniter\View\View->render('login', Array, true)
#3 /opt/lampp/htdocs/kantor/app/Controllers/C_login.php(9): view('login')
#4 /opt/lampp/htdocs/kantor/system/CodeIgniter.php(936): App\Controllers\C_login->index()
#5 /opt/lampp/htdocs/kantor/system/CodeIgniter.php(432): CodeIgniter\CodeIgniter->runController(Object(App\Controllers\C_login))
#6 /opt/lampp/htdocs/kantor/system/CodeIgniter.php(333): CodeIgniter\CodeIgniter->handleRequest(NULL, Object(Config\Cache), false)
#7 /opt/lampp/htdocs/kantor/index.php(44): CodeIgniter\CodeIgniter->run()
#8 {main}
CRITICAL - 2023-01-30 21:56:36 --> Call to undefined function validation_list_errors()
#0 /opt/lampp/htdocs/kantor/system/View/View.php(220): include()
#1 /opt/lampp/htdocs/kantor/system/View/View.php(222): CodeIgniter\View\View->CodeIgniter\View\{closure}()
#2 /opt/lampp/htdocs/kantor/system/Common.php(1217): CodeIgniter\View\View->render('login', Array, true)
#3 /opt/lampp/htdocs/kantor/app/Controllers/C_login.php(9): view('login')
#4 /opt/lampp/htdocs/kantor/system/CodeIgniter.php(936): App\Controllers\C_login->index()
#5 /opt/lampp/htdocs/kantor/system/CodeIgniter.php(432): CodeIgniter\CodeIgniter->runController(Object(App\Controllers\C_login))
#6 /opt/lampp/htdocs/kantor/system/CodeIgniter.php(333): CodeIgniter\CodeIgniter->handleRequest(NULL, Object(Config\Cache), false)
#7 /opt/lampp/htdocs/kantor/index.php(44): CodeIgniter\CodeIgniter->run()
#8 {main}
CRITICAL - 2023-01-30 21:56:39 --> Call to undefined function validation_list_errors()
#0 /opt/lampp/htdocs/kantor/system/View/View.php(220): include()
#1 /opt/lampp/htdocs/kantor/system/View/View.php(222): CodeIgniter\View\View->CodeIgniter\View\{closure}()
#2 /opt/lampp/htdocs/kantor/system/Common.php(1217): CodeIgniter\View\View->render('login', Array, true)
#3 /opt/lampp/htdocs/kantor/app/Controllers/C_login.php(9): view('login')
#4 /opt/lampp/htdocs/kantor/system/CodeIgniter.php(936): App\Controllers\C_login->index()
#5 /opt/lampp/htdocs/kantor/system/CodeIgniter.php(432): CodeIgniter\CodeIgniter->runController(Object(App\Controllers\C_login))
#6 /opt/lampp/htdocs/kantor/system/CodeIgniter.php(333): CodeIgniter\CodeIgniter->handleRequest(NULL, Object(Config\Cache), false)
#7 /opt/lampp/htdocs/kantor/index.php(44): CodeIgniter\CodeIgniter->run()
#8 {main}
CRITICAL - 2023-01-30 21:56:40 --> Call to undefined function validation_list_errors()
#0 /opt/lampp/htdocs/kantor/system/View/View.php(220): include()
#1 /opt/lampp/htdocs/kantor/system/View/View.php(222): CodeIgniter\View\View->CodeIgniter\View\{closure}()
#2 /opt/lampp/htdocs/kantor/system/Common.php(1217): CodeIgniter\View\View->render('login', Array, true)
#3 /opt/lampp/htdocs/kantor/app/Controllers/C_login.php(9): view('login')
#4 /opt/lampp/htdocs/kantor/system/CodeIgniter.php(936): App\Controllers\C_login->index()
#5 /opt/lampp/htdocs/kantor/system/CodeIgniter.php(432): CodeIgniter\CodeIgniter->runController(Object(App\Controllers\C_login))
#6 /opt/lampp/htdocs/kantor/system/CodeIgniter.php(333): CodeIgniter\CodeIgniter->handleRequest(NULL, Object(Config\Cache), false)
#7 /opt/lampp/htdocs/kantor/index.php(44): CodeIgniter\CodeIgniter->run()
#8 {main}
CRITICAL - 2023-01-30 21:56:42 --> Call to undefined function validation_list_errors()
#0 /opt/lampp/htdocs/kantor/system/View/View.php(220): include()
#1 /opt/lampp/htdocs/kantor/system/View/View.php(222): CodeIgniter\View\View->CodeIgniter\View\{closure}()
#2 /opt/lampp/htdocs/kantor/system/Common.php(1217): CodeIgniter\View\View->render('login', Array, true)
#3 /opt/lampp/htdocs/kantor/app/Controllers/C_login.php(9): view('login')
#4 /opt/lampp/htdocs/kantor/system/CodeIgniter.php(936): App\Controllers\C_login->index()
#5 /opt/lampp/htdocs/kantor/system/CodeIgniter.php(432): CodeIgniter\CodeIgniter->runController(Object(App\Controllers\C_login))
#6 /opt/lampp/htdocs/kantor/system/CodeIgniter.php(333): CodeIgniter\CodeIgniter->handleRequest(NULL, Object(Config\Cache), false)
#7 /opt/lampp/htdocs/kantor/index.php(44): CodeIgniter\CodeIgniter->run()
#8 {main}
CRITICAL - 2023-01-30 21:56:43 --> Call to undefined function validation_list_errors()
#0 /opt/lampp/htdocs/kantor/system/View/View.php(220): include()
#1 /opt/lampp/htdocs/kantor/system/View/View.php(222): CodeIgniter\View\View->CodeIgniter\View\{closure}()
#2 /opt/lampp/htdocs/kantor/system/Common.php(1217): CodeIgniter\View\View->render('login', Array, true)
#3 /opt/lampp/htdocs/kantor/app/Controllers/C_login.php(9): view('login')
#4 /opt/lampp/htdocs/kantor/system/CodeIgniter.php(936): App\Controllers\C_login->index()
#5 /opt/lampp/htdocs/kantor/system/CodeIgniter.php(432): CodeIgniter\CodeIgniter->runController(Object(App\Controllers\C_login))
#6 /opt/lampp/htdocs/kantor/system/CodeIgniter.php(333): CodeIgniter\CodeIgniter->handleRequest(NULL, Object(Config\Cache), false)
#7 /opt/lampp/htdocs/kantor/index.php(44): CodeIgniter\CodeIgniter->run()
#8 {main}
CRITICAL - 2023-01-30 21:56:45 --> Call to undefined function validation_list_errors()
#0 /opt/lampp/htdocs/kantor/system/View/View.php(220): include()
#1 /opt/lampp/htdocs/kantor/system/View/View.php(222): CodeIgniter\View\View->CodeIgniter\View\{closure}()
#2 /opt/lampp/htdocs/kantor/system/Common.php(1217): CodeIgniter\View\View->render('login', Array, true)
#3 /opt/lampp/htdocs/kantor/app/Controllers/C_login.php(9): view('login')
#4 /opt/lampp/htdocs/kantor/system/CodeIgniter.php(936): App\Controllers\C_login->index()
#5 /opt/lampp/htdocs/kantor/system/CodeIgniter.php(432): CodeIgniter\CodeIgniter->runController(Object(App\Controllers\C_login))
#6 /opt/lampp/htdocs/kantor/system/CodeIgniter.php(333): CodeIgniter\CodeIgniter->handleRequest(NULL, Object(Config\Cache), false)
#7 /opt/lampp/htdocs/kantor/index.php(44): CodeIgniter\CodeIgniter->run()
#8 {main}
CRITICAL - 2023-01-30 21:56:45 --> Call to undefined function validation_list_errors()
#0 /opt/lampp/htdocs/kantor/system/View/View.php(220): include()
#1 /opt/lampp/htdocs/kantor/system/View/View.php(222): CodeIgniter\View\View->CodeIgniter\View\{closure}()
#2 /opt/lampp/htdocs/kantor/system/Common.php(1217): CodeIgniter\View\View->render('login', Array, true)
#3 /opt/lampp/htdocs/kantor/app/Controllers/C_login.php(9): view('login')
#4 /opt/lampp/htdocs/kantor/system/CodeIgniter.php(936): App\Controllers\C_login->index()
#5 /opt/lampp/htdocs/kantor/system/CodeIgniter.php(432): CodeIgniter\CodeIgniter->runController(Object(App\Controllers\C_login))
#6 /opt/lampp/htdocs/kantor/system/CodeIgniter.php(333): CodeIgniter\CodeIgniter->handleRequest(NULL, Object(Config\Cache), false)
#7 /opt/lampp/htdocs/kantor/index.php(44): CodeIgniter\CodeIgniter->run()
#8 {main}
CRITICAL - 2023-01-30 22:25:17 --> Call to undefined function validation_list_errors()
#0 /opt/lampp/htdocs/kantor/system/View/View.php(220): include()
#1 /opt/lampp/htdocs/kantor/system/View/View.php(222): CodeIgniter\View\View->CodeIgniter\View\{closure}()
#2 /opt/lampp/htdocs/kantor/system/Common.php(1217): CodeIgniter\View\View->render('login', Array, true)
#3 /opt/lampp/htdocs/kantor/app/Controllers/C_login.php(9): view('login')
#4 /opt/lampp/htdocs/kantor/system/CodeIgniter.php(936): App\Controllers\C_login->index()
#5 /opt/lampp/htdocs/kantor/system/CodeIgniter.php(432): CodeIgniter\CodeIgniter->runController(Object(App\Controllers\C_login))
#6 /opt/lampp/htdocs/kantor/system/CodeIgniter.php(333): CodeIgniter\CodeIgniter->handleRequest(NULL, Object(Config\Cache), false)
#7 /opt/lampp/htdocs/kantor/index.php(44): CodeIgniter\CodeIgniter->run()
#8 {main}
CRITICAL - 2023-01-30 22:29:51 --> Call to undefined function validation_list_errors()
#0 /opt/lampp/htdocs/kantor/system/View/View.php(220): include()
#1 /opt/lampp/htdocs/kantor/system/View/View.php(222): CodeIgniter\View\View->CodeIgniter\View\{closure}()
#2 /opt/lampp/htdocs/kantor/system/Common.php(1217): CodeIgniter\View\View->render('login', Array, true)
#3 /opt/lampp/htdocs/kantor/app/Controllers/C_login.php(9): view('login')
#4 /opt/lampp/htdocs/kantor/system/CodeIgniter.php(936): App\Controllers\C_login->index()
#5 /opt/lampp/htdocs/kantor/system/CodeIgniter.php(432): CodeIgniter\CodeIgniter->runController(Object(App\Controllers\C_login))
#6 /opt/lampp/htdocs/kantor/system/CodeIgniter.php(333): CodeIgniter\CodeIgniter->handleRequest(NULL, Object(Config\Cache), false)
#7 /opt/lampp/htdocs/kantor/index.php(44): CodeIgniter\CodeIgniter->run()
#8 {main}
CRITICAL - 2023-01-30 22:29:52 --> Call to undefined function validation_list_errors()
#0 /opt/lampp/htdocs/kantor/system/View/View.php(220): include()
#1 /opt/lampp/htdocs/kantor/system/View/View.php(222): CodeIgniter\View\View->CodeIgniter\View\{closure}()
#2 /opt/lampp/htdocs/kantor/system/Common.php(1217): CodeIgniter\View\View->render('login', Array, true)
#3 /opt/lampp/htdocs/kantor/app/Controllers/C_login.php(9): view('login')
#4 /opt/lampp/htdocs/kantor/system/CodeIgniter.php(936): App\Controllers\C_login->index()
#5 /opt/lampp/htdocs/kantor/system/CodeIgniter.php(432): CodeIgniter\CodeIgniter->runController(Object(App\Controllers\C_login))
#6 /opt/lampp/htdocs/kantor/system/CodeIgniter.php(333): CodeIgniter\CodeIgniter->handleRequest(NULL, Object(Config\Cache), false)
#7 /opt/lampp/htdocs/kantor/index.php(44): CodeIgniter\CodeIgniter->run()
#8 {main}
CRITICAL - 2023-01-30 22:29:53 --> Call to undefined function validation_list_errors()
#0 /opt/lampp/htdocs/kantor/system/View/View.php(220): include()
#1 /opt/lampp/htdocs/kantor/system/View/View.php(222): CodeIgniter\View\View->CodeIgniter\View\{closure}()
#2 /opt/lampp/htdocs/kantor/system/Common.php(1217): CodeIgniter\View\View->render('login', Array, true)
#3 /opt/lampp/htdocs/kantor/app/Controllers/C_login.php(9): view('login')
#4 /opt/lampp/htdocs/kantor/system/CodeIgniter.php(936): App\Controllers\C_login->index()
#5 /opt/lampp/htdocs/kantor/system/CodeIgniter.php(432): CodeIgniter\CodeIgniter->runController(Object(App\Controllers\C_login))
#6 /opt/lampp/htdocs/kantor/system/CodeIgniter.php(333): CodeIgniter\CodeIgniter->handleRequest(NULL, Object(Config\Cache), false)
#7 /opt/lampp/htdocs/kantor/index.php(44): CodeIgniter\CodeIgniter->run()
#8 {main}
CRITICAL - 2023-01-30 22:29:57 --> Call to undefined function validation_list_errors()
#0 /opt/lampp/htdocs/kantor/system/View/View.php(220): include()
#1 /opt/lampp/htdocs/kantor/system/View/View.php(222): CodeIgniter\View\View->CodeIgniter\View\{closure}()
#2 /opt/lampp/htdocs/kantor/system/Common.php(1217): CodeIgniter\View\View->render('login', Array, true)
#3 /opt/lampp/htdocs/kantor/app/Controllers/C_login.php(9): view('login')
#4 /opt/lampp/htdocs/kantor/system/CodeIgniter.php(936): App\Controllers\C_login->index()
#5 /opt/lampp/htdocs/kantor/system/CodeIgniter.php(432): CodeIgniter\CodeIgniter->runController(Object(App\Controllers\C_login))
#6 /opt/lampp/htdocs/kantor/system/CodeIgniter.php(333): CodeIgniter\CodeIgniter->handleRequest(NULL, Object(Config\Cache), false)
#7 /opt/lampp/htdocs/kantor/index.php(44): CodeIgniter\CodeIgniter->run()
#8 {main}
CRITICAL - 2023-01-30 22:30:33 --> Call to undefined function validation_list_errors()
#0 /opt/lampp/htdocs/kantor/system/View/View.php(220): include()
#1 /opt/lampp/htdocs/kantor/system/View/View.php(222): CodeIgniter\View\View->CodeIgniter\View\{closure}()
#2 /opt/lampp/htdocs/kantor/system/Common.php(1217): CodeIgniter\View\View->render('login', Array, true)
#3 /opt/lampp/htdocs/kantor/app/Controllers/C_login.php(9): view('login')
#4 /opt/lampp/htdocs/kantor/system/CodeIgniter.php(936): App\Controllers\C_login->index()
#5 /opt/lampp/htdocs/kantor/system/CodeIgniter.php(432): CodeIgniter\CodeIgniter->runController(Object(App\Controllers\C_login))
#6 /opt/lampp/htdocs/kantor/system/CodeIgniter.php(333): CodeIgniter\CodeIgniter->handleRequest(NULL, Object(Config\Cache), false)
#7 /opt/lampp/htdocs/kantor/index.php(44): CodeIgniter\CodeIgniter->run()
#8 {main}
CRITICAL - 2023-01-30 22:30:34 --> Call to undefined function validation_list_errors()
#0 /opt/lampp/htdocs/kantor/system/View/View.php(220): include()
#1 /opt/lampp/htdocs/kantor/system/View/View.php(222): CodeIgniter\View\View->CodeIgniter\View\{closure}()
#2 /opt/lampp/htdocs/kantor/system/Common.php(1217): CodeIgniter\View\View->render('login', Array, true)
#3 /opt/lampp/htdocs/kantor/app/Controllers/C_login.php(9): view('login')
#4 /opt/lampp/htdocs/kantor/system/CodeIgniter.php(936): App\Controllers\C_login->index()
#5 /opt/lampp/htdocs/kantor/system/CodeIgniter.php(432): CodeIgniter\CodeIgniter->runController(Object(App\Controllers\C_login))
#6 /opt/lampp/htdocs/kantor/system/CodeIgniter.php(333): CodeIgniter\CodeIgniter->handleRequest(NULL, Object(Config\Cache), false)
#7 /opt/lampp/htdocs/kantor/index.php(44): CodeIgniter\CodeIgniter->run()
#8 {main}
CRITICAL - 2023-01-30 22:37:03 --> Call to a member function list_errors() on null
#0 /opt/lampp/htdocs/kantor/system/View/View.php(220): include()
#1 /opt/lampp/htdocs/kantor/system/View/View.php(222): CodeIgniter\View\View->CodeIgniter\View\{closure}()
#2 /opt/lampp/htdocs/kantor/system/Common.php(1217): CodeIgniter\View\View->render('login', Array, true)
#3 /opt/lampp/htdocs/kantor/app/Controllers/C_login.php(9): view('login')
#4 /opt/lampp/htdocs/kantor/system/CodeIgniter.php(936): App\Controllers\C_login->index()
#5 /opt/lampp/htdocs/kantor/system/CodeIgniter.php(432): CodeIgniter\CodeIgniter->runController(Object(App\Controllers\C_login))
#6 /opt/lampp/htdocs/kantor/system/CodeIgniter.php(333): CodeIgniter\CodeIgniter->handleRequest(NULL, Object(Config\Cache), false)
#7 /opt/lampp/htdocs/kantor/index.php(44): CodeIgniter\CodeIgniter->run()
#8 {main}
CRITICAL - 2023-01-30 22:37:19 --> Call to a member function list_errors() on null
#0 /opt/lampp/htdocs/kantor/system/View/View.php(220): include()
#1 /opt/lampp/htdocs/kantor/system/View/View.php(222): CodeIgniter\View\View->CodeIgniter\View\{closure}()
#2 /opt/lampp/htdocs/kantor/system/Common.php(1217): CodeIgniter\View\View->render('login', Array, true)
#3 /opt/lampp/htdocs/kantor/app/Controllers/C_login.php(9): view('login')
#4 /opt/lampp/htdocs/kantor/system/CodeIgniter.php(936): App\Controllers\C_login->index()
#5 /opt/lampp/htdocs/kantor/system/CodeIgniter.php(432): CodeIgniter\CodeIgniter->runController(Object(App\Controllers\C_login))
#6 /opt/lampp/htdocs/kantor/system/CodeIgniter.php(333): CodeIgniter\CodeIgniter->handleRequest(NULL, Object(Config\Cache), false)
#7 /opt/lampp/htdocs/kantor/index.php(44): CodeIgniter\CodeIgniter->run()
#8 {main}
CRITICAL - 2023-01-30 22:37:52 --> Call to a member function list_errors() on null
#0 /opt/lampp/htdocs/kantor/system/View/View.php(220): include()
#1 /opt/lampp/htdocs/kantor/system/View/View.php(222): CodeIgniter\View\View->CodeIgniter\View\{closure}()
#2 /opt/lampp/htdocs/kantor/system/Common.php(1217): CodeIgniter\View\View->render('login', Array, true)
#3 /opt/lampp/htdocs/kantor/app/Controllers/C_login.php(9): view('login')
#4 /opt/lampp/htdocs/kantor/system/CodeIgniter.php(936): App\Controllers\C_login->index()
#5 /opt/lampp/htdocs/kantor/system/CodeIgniter.php(432): CodeIgniter\CodeIgniter->runController(Object(App\Controllers\C_login))
#6 /opt/lampp/htdocs/kantor/system/CodeIgniter.php(333): CodeIgniter\CodeIgniter->handleRequest(NULL, Object(Config\Cache), false)
#7 /opt/lampp/htdocs/kantor/index.php(44): CodeIgniter\CodeIgniter->run()
#8 {main}
CRITICAL - 2023-01-30 22:38:03 --> Call to undefined function form_error()
#0 /opt/lampp/htdocs/kantor/system/View/View.php(220): include()
#1 /opt/lampp/htdocs/kantor/system/View/View.php(222): CodeIgniter\View\View->CodeIgniter\View\{closure}()
#2 /opt/lampp/htdocs/kantor/system/Common.php(1217): CodeIgniter\View\View->render('login', Array, true)
#3 /opt/lampp/htdocs/kantor/app/Controllers/C_login.php(9): view('login')
#4 /opt/lampp/htdocs/kantor/system/CodeIgniter.php(936): App\Controllers\C_login->index()
#5 /opt/lampp/htdocs/kantor/system/CodeIgniter.php(432): CodeIgniter\CodeIgniter->runController(Object(App\Controllers\C_login))
#6 /opt/lampp/htdocs/kantor/system/CodeIgniter.php(333): CodeIgniter\CodeIgniter->handleRequest(NULL, Object(Config\Cache), false)
#7 /opt/lampp/htdocs/kantor/index.php(44): CodeIgniter\CodeIgniter->run()
#8 {main}
CRITICAL - 2023-01-30 22:42:19 --> Object of class CodeIgniter\Validation\Validation could not be converted to string
#0 /opt/lampp/htdocs/kantor/system/CodeIgniter.php(936): App\Controllers\C_login->logging_in()
#1 /opt/lampp/htdocs/kantor/system/CodeIgniter.php(432): CodeIgniter\CodeIgniter->runController(Object(App\Controllers\C_login))
#2 /opt/lampp/htdocs/kantor/system/CodeIgniter.php(333): CodeIgniter\CodeIgniter->handleRequest(NULL, Object(Config\Cache), false)
#3 /opt/lampp/htdocs/kantor/index.php(44): CodeIgniter\CodeIgniter->run()
#4 {main}
CRITICAL - 2023-01-30 22:43:21 --> Call to a member function listErrors() on null
#0 /opt/lampp/htdocs/kantor/system/View/View.php(220): include()
#1 /opt/lampp/htdocs/kantor/system/View/View.php(222): CodeIgniter\View\View->CodeIgniter\View\{closure}()
#2 /opt/lampp/htdocs/kantor/system/Common.php(1217): CodeIgniter\View\View->render('login', Array, true)
#3 /opt/lampp/htdocs/kantor/app/Controllers/C_login.php(9): view('login')
#4 /opt/lampp/htdocs/kantor/system/CodeIgniter.php(936): App\Controllers\C_login->index()
#5 /opt/lampp/htdocs/kantor/system/CodeIgniter.php(432): CodeIgniter\CodeIgniter->runController(Object(App\Controllers\C_login))
#6 /opt/lampp/htdocs/kantor/system/CodeIgniter.php(333): CodeIgniter\CodeIgniter->handleRequest(NULL, Object(Config\Cache), false)
#7 /opt/lampp/htdocs/kantor/index.php(44): CodeIgniter\CodeIgniter->run()
#8 {main}
CRITICAL - 2023-01-30 22:47:13 --> Call to a member function listErrors() on null
#0 /opt/lampp/htdocs/kantor/system/View/View.php(220): include()
#1 /opt/lampp/htdocs/kantor/system/View/View.php(222): CodeIgniter\View\View->CodeIgniter\View\{closure}()
#2 /opt/lampp/htdocs/kantor/system/Common.php(1217): CodeIgniter\View\View->render('login', Array, true)
#3 /opt/lampp/htdocs/kantor/app/Controllers/C_login.php(9): view('login')
#4 /opt/lampp/htdocs/kantor/system/CodeIgniter.php(936): App\Controllers\C_login->index()
#5 /opt/lampp/htdocs/kantor/system/CodeIgniter.php(432): CodeIgniter\CodeIgniter->runController(Object(App\Controllers\C_login))
#6 /opt/lampp/htdocs/kantor/system/CodeIgniter.php(333): CodeIgniter\CodeIgniter->handleRequest(NULL, Object(Config\Cache), false)
#7 /opt/lampp/htdocs/kantor/index.php(44): CodeIgniter\CodeIgniter->run()
#8 {main}
CRITICAL - 2023-01-30 22:47:24 --> Call to undefined function form_open()
#0 /opt/lampp/htdocs/kantor/system/View/View.php(220): include()
#1 /opt/lampp/htdocs/kantor/system/View/View.php(222): CodeIgniter\View\View->CodeIgniter\View\{closure}()
#2 /opt/lampp/htdocs/kantor/system/Common.php(1217): CodeIgniter\View\View->render('login', Array, true)
#3 /opt/lampp/htdocs/kantor/app/Controllers/C_login.php(9): view('login')
#4 /opt/lampp/htdocs/kantor/system/CodeIgniter.php(936): App\Controllers\C_login->index()
#5 /opt/lampp/htdocs/kantor/system/CodeIgniter.php(432): CodeIgniter\CodeIgniter->runController(Object(App\Controllers\C_login))
#6 /opt/lampp/htdocs/kantor/system/CodeIgniter.php(333): CodeIgniter\CodeIgniter->handleRequest(NULL, Object(Config\Cache), false)
#7 /opt/lampp/htdocs/kantor/index.php(44): CodeIgniter\CodeIgniter->run()
#8 {main}
CRITICAL - 2023-01-30 22:49:32 --> Call to a member function listErrors() on null
#0 /opt/lampp/htdocs/kantor/system/View/View.php(220): include()
#1 /opt/lampp/htdocs/kantor/system/View/View.php(222): CodeIgniter\View\View->CodeIgniter\View\{closure}()
#2 /opt/lampp/htdocs/kantor/system/Common.php(1217): CodeIgniter\View\View->render('login', Array, true)
#3 /opt/lampp/htdocs/kantor/app/Controllers/C_login.php(9): view('login')
#4 /opt/lampp/htdocs/kantor/system/CodeIgniter.php(936): App\Controllers\C_login->index()
#5 /opt/lampp/htdocs/kantor/system/CodeIgniter.php(432): CodeIgniter\CodeIgniter->runController(Object(App\Controllers\C_login))
#6 /opt/lampp/htdocs/kantor/system/CodeIgniter.php(333): CodeIgniter\CodeIgniter->handleRequest(NULL, Object(Config\Cache), false)
#7 /opt/lampp/htdocs/kantor/index.php(44): CodeIgniter\CodeIgniter->run()
#8 {main}
CRITICAL - 2023-01-30 23:00:21 --> Call to undefined function validation_list_erros()
#0 /opt/lampp/htdocs/kantor/system/View/View.php(220): include()
#1 /opt/lampp/htdocs/kantor/system/View/View.php(222): CodeIgniter\View\View->CodeIgniter\View\{closure}()
#2 /opt/lampp/htdocs/kantor/system/Common.php(1217): CodeIgniter\View\View->render('login', Array, true)
#3 /opt/lampp/htdocs/kantor/app/Controllers/C_login.php(11): view('login')
#4 /opt/lampp/htdocs/kantor/system/CodeIgniter.php(936): App\Controllers\C_login->index()
#5 /opt/lampp/htdocs/kantor/system/CodeIgniter.php(432): CodeIgniter\CodeIgniter->runController(Object(App\Controllers\C_login))
#6 /opt/lampp/htdocs/kantor/system/CodeIgniter.php(333): CodeIgniter\CodeIgniter->handleRequest(NULL, Object(Config\Cache), false)
#7 /opt/lampp/htdocs/kantor/index.php(44): CodeIgniter\CodeIgniter->run()
#8 {main}
CRITICAL - 2023-01-30 23:01:59 --> Call to undefined function validation_list_erros()
#0 /opt/lampp/htdocs/kantor/system/View/View.php(220): include()
#1 /opt/lampp/htdocs/kantor/system/View/View.php(222): CodeIgniter\View\View->CodeIgniter\View\{closure}()
#2 /opt/lampp/htdocs/kantor/system/Common.php(1217): CodeIgniter\View\View->render('login', Array, true)
#3 /opt/lampp/htdocs/kantor/app/Controllers/C_login.php(14): view('login')
#4 /opt/lampp/htdocs/kantor/system/CodeIgniter.php(936): App\Controllers\C_login->index()
#5 /opt/lampp/htdocs/kantor/system/CodeIgniter.php(432): CodeIgniter\CodeIgniter->runController(Object(App\Controllers\C_login))
#6 /opt/lampp/htdocs/kantor/system/CodeIgniter.php(333): CodeIgniter\CodeIgniter->handleRequest(NULL, Object(Config\Cache), false)
#7 /opt/lampp/htdocs/kantor/index.php(44): CodeIgniter\CodeIgniter->run()
#8 {main}
CRITICAL - 2023-01-30 23:04:19 --> Call to undefined function validation_list_erros()
#0 /opt/lampp/htdocs/kantor/system/View/View.php(220): include()
#1 /opt/lampp/htdocs/kantor/system/View/View.php(222): CodeIgniter\View\View->CodeIgniter\View\{closure}()
#2 /opt/lampp/htdocs/kantor/system/Common.php(1217): CodeIgniter\View\View->render('login', Array, true)
#3 /opt/lampp/htdocs/kantor/app/Controllers/C_login.php(14): view('login')
#4 /opt/lampp/htdocs/kantor/system/CodeIgniter.php(936): App\Controllers\C_login->index()
#5 /opt/lampp/htdocs/kantor/system/CodeIgniter.php(432): CodeIgniter\CodeIgniter->runController(Object(App\Controllers\C_login))
#6 /opt/lampp/htdocs/kantor/system/CodeIgniter.php(333): CodeIgniter\CodeIgniter->handleRequest(NULL, Object(Config\Cache), false)
#7 /opt/lampp/htdocs/kantor/index.php(44): CodeIgniter\CodeIgniter->run()
#8 {main}
CRITICAL - 2023-01-30 23:04:21 --> Call to undefined function validation_list_erros()
#0 /opt/lampp/htdocs/kantor/system/View/View.php(220): include()
#1 /opt/lampp/htdocs/kantor/system/View/View.php(222): CodeIgniter\View\View->CodeIgniter\View\{closure}()
#2 /opt/lampp/htdocs/kantor/system/Common.php(1217): CodeIgniter\View\View->render('login', Array, true)
#3 /opt/lampp/htdocs/kantor/app/Controllers/C_login.php(14): view('login')
#4 /opt/lampp/htdocs/kantor/system/CodeIgniter.php(936): App\Controllers\C_login->index()
#5 /opt/lampp/htdocs/kantor/system/CodeIgniter.php(432): CodeIgniter\CodeIgniter->runController(Object(App\Controllers\C_login))
#6 /opt/lampp/htdocs/kantor/system/CodeIgniter.php(333): CodeIgniter\CodeIgniter->handleRequest(NULL, Object(Config\Cache), false)
#7 /opt/lampp/htdocs/kantor/index.php(44): CodeIgniter\CodeIgniter->run()
#8 {main}
CRITICAL - 2023-01-30 23:04:22 --> Call to undefined function validation_list_erros()
#0 /opt/lampp/htdocs/kantor/system/View/View.php(220): include()
#1 /opt/lampp/htdocs/kantor/system/View/View.php(222): CodeIgniter\View\View->CodeIgniter\View\{closure}()
#2 /opt/lampp/htdocs/kantor/system/Common.php(1217): CodeIgniter\View\View->render('login', Array, true)
#3 /opt/lampp/htdocs/kantor/app/Controllers/C_login.php(14): view('login')
#4 /opt/lampp/htdocs/kantor/system/CodeIgniter.php(936): App\Controllers\C_login->index()
#5 /opt/lampp/htdocs/kantor/system/CodeIgniter.php(432): CodeIgniter\CodeIgniter->runController(Object(App\Controllers\C_login))
#6 /opt/lampp/htdocs/kantor/system/CodeIgniter.php(333): CodeIgniter\CodeIgniter->handleRequest(NULL, Object(Config\Cache), false)
#7 /opt/lampp/htdocs/kantor/index.php(44): CodeIgniter\CodeIgniter->run()
#8 {main}
CRITICAL - 2023-01-30 23:06:15 --> Call to undefined function App\Controllers\validation_list_errors()
#0 /opt/lampp/htdocs/kantor/system/CodeIgniter.php(936): App\Controllers\C_login->logging_in()
#1 /opt/lampp/htdocs/kantor/system/CodeIgniter.php(432): CodeIgniter\CodeIgniter->runController(Object(App\Controllers\C_login))
#2 /opt/lampp/htdocs/kantor/system/CodeIgniter.php(333): CodeIgniter\CodeIgniter->handleRequest(NULL, Object(Config\Cache), false)
#3 /opt/lampp/htdocs/kantor/index.php(44): CodeIgniter\CodeIgniter->run()
#4 {main}
CRITICAL - 2023-01-30 23:10:08 --> Call to undefined function App\Controllers\validation_list_errors()
#0 /opt/lampp/htdocs/kantor/system/CodeIgniter.php(936): App\Controllers\C_login->logging_in()
#1 /opt/lampp/htdocs/kantor/system/CodeIgniter.php(432): CodeIgniter\CodeIgniter->runController(Object(App\Controllers\C_login))
#2 /opt/lampp/htdocs/kantor/system/CodeIgniter.php(333): CodeIgniter\CodeIgniter->handleRequest(NULL, Object(Config\Cache), false)
#3 /opt/lampp/htdocs/kantor/index.php(44): CodeIgniter\CodeIgniter->run()
#4 {main}
CRITICAL - 2023-01-30 23:11:33 --> Call to a member function getErrors() on null
#0 /opt/lampp/htdocs/kantor/system/CodeIgniter.php(936): App\Controllers\C_login->logging_in()
#1 /opt/lampp/htdocs/kantor/system/CodeIgniter.php(432): CodeIgniter\CodeIgniter->runController(Object(App\Controllers\C_login))
#2 /opt/lampp/htdocs/kantor/system/CodeIgniter.php(333): CodeIgniter\CodeIgniter->handleRequest(NULL, Object(Config\Cache), false)
#3 /opt/lampp/htdocs/kantor/index.php(44): CodeIgniter\CodeIgniter->run()
#4 {main}
CRITICAL - 2023-01-30 23:12:35 --> Call to undefined function form_error()
#0 /opt/lampp/htdocs/kantor/system/View/View.php(220): include()
#1 /opt/lampp/htdocs/kantor/system/View/View.php(222): CodeIgniter\View\View->CodeIgniter\View\{closure}()
#2 /opt/lampp/htdocs/kantor/system/Common.php(1217): CodeIgniter\View\View->render('login', Array, true)
#3 /opt/lampp/htdocs/kantor/app/Controllers/C_login.php(28): view('login', Array)
#4 /opt/lampp/htdocs/kantor/system/CodeIgniter.php(936): App\Controllers\C_login->logging_in()
#5 /opt/lampp/htdocs/kantor/system/CodeIgniter.php(432): CodeIgniter\CodeIgniter->runController(Object(App\Controllers\C_login))
#6 /opt/lampp/htdocs/kantor/system/CodeIgniter.php(333): CodeIgniter\CodeIgniter->handleRequest(NULL, Object(Config\Cache), false)
#7 /opt/lampp/htdocs/kantor/index.php(44): CodeIgniter\CodeIgniter->run()
#8 {main}
CRITICAL - 2023-01-30 23:23:09 --> Argument 2 passed to view() must be of the type array, object given, called in /opt/lampp/htdocs/kantor/app/Controllers/C_login.php on line 31
#0 /opt/lampp/htdocs/kantor/app/Controllers/C_login.php(31): view('login', Object(CodeIgniter\Validation\Validation))
#1 /opt/lampp/htdocs/kantor/system/CodeIgniter.php(936): App\Controllers\C_login->logging_in()
#2 /opt/lampp/htdocs/kantor/system/CodeIgniter.php(432): CodeIgniter\CodeIgniter->runController(Object(App\Controllers\C_login))
#3 /opt/lampp/htdocs/kantor/system/CodeIgniter.php(333): CodeIgniter\CodeIgniter->handleRequest(NULL, Object(Config\Cache), false)
#4 /opt/lampp/htdocs/kantor/index.php(44): CodeIgniter\CodeIgniter->run()
#5 {main}
CRITICAL - 2023-01-30 23:23:32 --> Call to a member function getErrors() on null
#0 /opt/lampp/htdocs/kantor/system/View/View.php(220): include()
#1 /opt/lampp/htdocs/kantor/system/View/View.php(222): CodeIgniter\View\View->CodeIgniter\View\{closure}()
#2 /opt/lampp/htdocs/kantor/system/Common.php(1217): CodeIgniter\View\View->render('login', Array, true)
#3 /opt/lampp/htdocs/kantor/app/Controllers/C_login.php(31): view('login')
#4 /opt/lampp/htdocs/kantor/system/CodeIgniter.php(936): App\Controllers\C_login->logging_in()
#5 /opt/lampp/htdocs/kantor/system/CodeIgniter.php(432): CodeIgniter\CodeIgniter->runController(Object(App\Controllers\C_login))
#6 /opt/lampp/htdocs/kantor/system/CodeIgniter.php(333): CodeIgniter\CodeIgniter->handleRequest(NULL, Object(Config\Cache), false)
#7 /opt/lampp/htdocs/kantor/index.php(44): CodeIgniter\CodeIgniter->run()
#8 {main}
CRITICAL - 2023-01-30 23:30:37 --> Call to a member function getError() on null
#0 /opt/lampp/htdocs/kantor/system/View/View.php(220): include()
#1 /opt/lampp/htdocs/kantor/system/View/View.php(222): CodeIgniter\View\View->CodeIgniter\View\{closure}()
#2 /opt/lampp/htdocs/kantor/system/Common.php(1217): CodeIgniter\View\View->render('login', Array, true)
#3 /opt/lampp/htdocs/kantor/app/Controllers/C_login.php(11): view('login')
#4 /opt/lampp/htdocs/kantor/system/CodeIgniter.php(936): App\Controllers\C_login->index()
#5 /opt/lampp/htdocs/kantor/system/CodeIgniter.php(432): CodeIgniter\CodeIgniter->runController(Object(App\Controllers\C_login))
#6 /opt/lampp/htdocs/kantor/system/CodeIgniter.php(333): CodeIgniter\CodeIgniter->handleRequest(NULL, Object(Config\Cache), false)
#7 /opt/lampp/htdocs/kantor/index.php(44): CodeIgniter\CodeIgniter->run()
#8 {main}
CRITICAL - 2023-01-30 23:30:47 --> Call to a member function getError() on null
#0 /opt/lampp/htdocs/kantor/system/View/View.php(220): include()
#1 /opt/lampp/htdocs/kantor/system/View/View.php(222): CodeIgniter\View\View->CodeIgniter\View\{closure}()
#2 /opt/lampp/htdocs/kantor/system/Common.php(1217): CodeIgniter\View\View->render('login', Array, true)
#3 /opt/lampp/htdocs/kantor/app/Controllers/C_login.php(11): view('login')
#4 /opt/lampp/htdocs/kantor/system/CodeIgniter.php(936): App\Controllers\C_login->index()
#5 /opt/lampp/htdocs/kantor/system/CodeIgniter.php(432): CodeIgniter\CodeIgniter->runController(Object(App\Controllers\C_login))
#6 /opt/lampp/htdocs/kantor/system/CodeIgniter.php(333): CodeIgniter\CodeIgniter->handleRequest(NULL, Object(Config\Cache), false)
#7 /opt/lampp/htdocs/kantor/index.php(44): CodeIgniter\CodeIgniter->run()
#8 {main}
CRITICAL - 2023-01-30 23:31:14 --> Call to a member function getError() on null
#0 /opt/lampp/htdocs/kantor/system/View/View.php(220): include()
#1 /opt/lampp/htdocs/kantor/system/View/View.php(222): CodeIgniter\View\View->CodeIgniter\View\{closure}()
#2 /opt/lampp/htdocs/kantor/system/Common.php(1217): CodeIgniter\View\View->render('login', Array, true)
#3 /opt/lampp/htdocs/kantor/app/Controllers/C_login.php(11): view('login', Array)
#4 /opt/lampp/htdocs/kantor/system/CodeIgniter.php(936): App\Controllers\C_login->index()
#5 /opt/lampp/htdocs/kantor/system/CodeIgniter.php(432): CodeIgniter\CodeIgniter->runController(Object(App\Controllers\C_login))
#6 /opt/lampp/htdocs/kantor/system/CodeIgniter.php(333): CodeIgniter\CodeIgniter->handleRequest(NULL, Object(Config\Cache), false)
#7 /opt/lampp/htdocs/kantor/index.php(44): CodeIgniter\CodeIgniter->run()
#8 {main}
CRITICAL - 2023-01-30 23:31:18 --> Call to a member function getError() on null
#0 /opt/lampp/htdocs/kantor/system/View/View.php(220): include()
#1 /opt/lampp/htdocs/kantor/system/View/View.php(222): CodeIgniter\View\View->CodeIgniter\View\{closure}()
#2 /opt/lampp/htdocs/kantor/system/Common.php(1217): CodeIgniter\View\View->render('login', Array, true)
#3 /opt/lampp/htdocs/kantor/app/Controllers/C_login.php(11): view('login', Array)
#4 /opt/lampp/htdocs/kantor/system/CodeIgniter.php(936): App\Controllers\C_login->index()
#5 /opt/lampp/htdocs/kantor/system/CodeIgniter.php(432): CodeIgniter\CodeIgniter->runController(Object(App\Controllers\C_login))
#6 /opt/lampp/htdocs/kantor/system/CodeIgniter.php(333): CodeIgniter\CodeIgniter->handleRequest(NULL, Object(Config\Cache), false)
#7 /opt/lampp/htdocs/kantor/index.php(44): CodeIgniter\CodeIgniter->run()
#8 {main}
CRITICAL - 2023-01-30 23:31:25 --> Call to a member function getError() on null
#0 /opt/lampp/htdocs/kantor/system/View/View.php(220): include()
#1 /opt/lampp/htdocs/kantor/system/View/View.php(222): CodeIgniter\View\View->CodeIgniter\View\{closure}()
#2 /opt/lampp/htdocs/kantor/system/Common.php(1217): CodeIgniter\View\View->render('login', Array, true)
#3 /opt/lampp/htdocs/kantor/app/Controllers/C_login.php(11): view('login', Array)
#4 /opt/lampp/htdocs/kantor/system/CodeIgniter.php(936): App\Controllers\C_login->index()
#5 /opt/lampp/htdocs/kantor/system/CodeIgniter.php(432): CodeIgniter\CodeIgniter->runController(Object(App\Controllers\C_login))
#6 /opt/lampp/htdocs/kantor/system/CodeIgniter.php(333): CodeIgniter\CodeIgniter->handleRequest(NULL, Object(Config\Cache), false)
#7 /opt/lampp/htdocs/kantor/index.php(44): CodeIgniter\CodeIgniter->run()
#8 {main}
CRITICAL - 2023-01-30 23:31:59 --> Call to a member function getError() on null
#0 /opt/lampp/htdocs/kantor/system/View/View.php(220): include()
#1 /opt/lampp/htdocs/kantor/system/View/View.php(222): CodeIgniter\View\View->CodeIgniter\View\{closure}()
#2 /opt/lampp/htdocs/kantor/system/Common.php(1217): CodeIgniter\View\View->render('login', Array, true)
#3 /opt/lampp/htdocs/kantor/app/Controllers/C_login.php(11): view('login', Array)
#4 /opt/lampp/htdocs/kantor/system/CodeIgniter.php(936): App\Controllers\C_login->index()
#5 /opt/lampp/htdocs/kantor/system/CodeIgniter.php(432): CodeIgniter\CodeIgniter->runController(Object(App\Controllers\C_login))
#6 /opt/lampp/htdocs/kantor/system/CodeIgniter.php(333): CodeIgniter\CodeIgniter->handleRequest(NULL, Object(Config\Cache), false)
#7 /opt/lampp/htdocs/kantor/index.php(44): CodeIgniter\CodeIgniter->run()
#8 {main}
CRITICAL - 2023-01-30 23:31:59 --> Call to a member function getError() on null
#0 /opt/lampp/htdocs/kantor/system/View/View.php(220): include()
#1 /opt/lampp/htdocs/kantor/system/View/View.php(222): CodeIgniter\View\View->CodeIgniter\View\{closure}()
#2 /opt/lampp/htdocs/kantor/system/Common.php(1217): CodeIgniter\View\View->render('login', Array, true)
#3 /opt/lampp/htdocs/kantor/app/Controllers/C_login.php(11): view('login', Array)
#4 /opt/lampp/htdocs/kantor/system/CodeIgniter.php(936): App\Controllers\C_login->index()
#5 /opt/lampp/htdocs/kantor/system/CodeIgniter.php(432): CodeIgniter\CodeIgniter->runController(Object(App\Controllers\C_login))
#6 /opt/lampp/htdocs/kantor/system/CodeIgniter.php(333): CodeIgniter\CodeIgniter->handleRequest(NULL, Object(Config\Cache), false)
#7 /opt/lampp/htdocs/kantor/index.php(44): CodeIgniter\CodeIgniter->run()
#8 {main}
CRITICAL - 2023-01-30 23:32:37 --> Call to a member function getError() on null
#0 /opt/lampp/htdocs/kantor/system/View/View.php(220): include()
#1 /opt/lampp/htdocs/kantor/system/View/View.php(222): CodeIgniter\View\View->CodeIgniter\View\{closure}()
#2 /opt/lampp/htdocs/kantor/system/Common.php(1217): CodeIgniter\View\View->render('login', Array, true)
#3 /opt/lampp/htdocs/kantor/app/Controllers/C_login.php(11): view('login')
#4 /opt/lampp/htdocs/kantor/system/CodeIgniter.php(936): App\Controllers\C_login->index()
#5 /opt/lampp/htdocs/kantor/system/CodeIgniter.php(432): CodeIgniter\CodeIgniter->runController(Object(App\Controllers\C_login))
#6 /opt/lampp/htdocs/kantor/system/CodeIgniter.php(333): CodeIgniter\CodeIgniter->handleRequest(NULL, Object(Config\Cache), false)
#7 /opt/lampp/htdocs/kantor/index.php(44): CodeIgniter\CodeIgniter->run()
#8 {main}
CRITICAL - 2023-01-30 23:32:37 --> Call to a member function getError() on null
#0 /opt/lampp/htdocs/kantor/system/View/View.php(220): include()
#1 /opt/lampp/htdocs/kantor/system/View/View.php(222): CodeIgniter\View\View->CodeIgniter\View\{closure}()
#2 /opt/lampp/htdocs/kantor/system/Common.php(1217): CodeIgniter\View\View->render('login', Array, true)
#3 /opt/lampp/htdocs/kantor/app/Controllers/C_login.php(11): view('login')
#4 /opt/lampp/htdocs/kantor/system/CodeIgniter.php(936): App\Controllers\C_login->index()
#5 /opt/lampp/htdocs/kantor/system/CodeIgniter.php(432): CodeIgniter\CodeIgniter->runController(Object(App\Controllers\C_login))
#6 /opt/lampp/htdocs/kantor/system/CodeIgniter.php(333): CodeIgniter\CodeIgniter->handleRequest(NULL, Object(Config\Cache), false)
#7 /opt/lampp/htdocs/kantor/index.php(44): CodeIgniter\CodeIgniter->run()
#8 {main}
CRITICAL - 2023-01-30 23:32:38 --> Call to a member function getError() on null
#0 /opt/lampp/htdocs/kantor/system/View/View.php(220): include()
#1 /opt/lampp/htdocs/kantor/system/View/View.php(222): CodeIgniter\View\View->CodeIgniter\View\{closure}()
#2 /opt/lampp/htdocs/kantor/system/Common.php(1217): CodeIgniter\View\View->render('login', Array, true)
#3 /opt/lampp/htdocs/kantor/app/Controllers/C_login.php(11): view('login')
#4 /opt/lampp/htdocs/kantor/system/CodeIgniter.php(936): App\Controllers\C_login->index()
#5 /opt/lampp/htdocs/kantor/system/CodeIgniter.php(432): CodeIgniter\CodeIgniter->runController(Object(App\Controllers\C_login))
#6 /opt/lampp/htdocs/kantor/system/CodeIgniter.php(333): CodeIgniter\CodeIgniter->handleRequest(NULL, Object(Config\Cache), false)
#7 /opt/lampp/htdocs/kantor/index.php(44): CodeIgniter\CodeIgniter->run()
#8 {main}
CRITICAL - 2023-01-30 23:32:38 --> Call to a member function getError() on null
#0 /opt/lampp/htdocs/kantor/system/View/View.php(220): include()
#1 /opt/lampp/htdocs/kantor/system/View/View.php(222): CodeIgniter\View\View->CodeIgniter\View\{closure}()
#2 /opt/lampp/htdocs/kantor/system/Common.php(1217): CodeIgniter\View\View->render('login', Array, true)
#3 /opt/lampp/htdocs/kantor/app/Controllers/C_login.php(11): view('login')
#4 /opt/lampp/htdocs/kantor/system/CodeIgniter.php(936): App\Controllers\C_login->index()
#5 /opt/lampp/htdocs/kantor/system/CodeIgniter.php(432): CodeIgniter\CodeIgniter->runController(Object(App\Controllers\C_login))
#6 /opt/lampp/htdocs/kantor/system/CodeIgniter.php(333): CodeIgniter\CodeIgniter->handleRequest(NULL, Object(Config\Cache), false)
#7 /opt/lampp/htdocs/kantor/index.php(44): CodeIgniter\CodeIgniter->run()
#8 {main}
CRITICAL - 2023-01-30 23:32:50 --> Call to a member function getError() on null
#0 /opt/lampp/htdocs/kantor/system/View/View.php(220): include()
#1 /opt/lampp/htdocs/kantor/system/View/View.php(222): CodeIgniter\View\View->CodeIgniter\View\{closure}()
#2 /opt/lampp/htdocs/kantor/system/Common.php(1217): CodeIgniter\View\View->render('login', Array, true)
#3 /opt/lampp/htdocs/kantor/app/Controllers/C_login.php(11): view('login')
#4 /opt/lampp/htdocs/kantor/system/CodeIgniter.php(936): App\Controllers\C_login->index()
#5 /opt/lampp/htdocs/kantor/system/CodeIgniter.php(432): CodeIgniter\CodeIgniter->runController(Object(App\Controllers\C_login))
#6 /opt/lampp/htdocs/kantor/system/CodeIgniter.php(333): CodeIgniter\CodeIgniter->handleRequest(NULL, Object(Config\Cache), false)
#7 /opt/lampp/htdocs/kantor/index.php(44): CodeIgniter\CodeIgniter->run()
#8 {main}
CRITICAL - 2023-01-30 23:32:59 --> Call to a member function getError() on null
#0 /opt/lampp/htdocs/kantor/system/View/View.php(220): include()
#1 /opt/lampp/htdocs/kantor/system/View/View.php(222): CodeIgniter\View\View->CodeIgniter\View\{closure}()
#2 /opt/lampp/htdocs/kantor/system/Common.php(1217): CodeIgniter\View\View->render('login', Array, true)
#3 /opt/lampp/htdocs/kantor/app/Controllers/C_login.php(11): view('login')
#4 /opt/lampp/htdocs/kantor/system/CodeIgniter.php(936): App\Controllers\C_login->index()
#5 /opt/lampp/htdocs/kantor/system/CodeIgniter.php(432): CodeIgniter\CodeIgniter->runController(Object(App\Controllers\C_login))
#6 /opt/lampp/htdocs/kantor/system/CodeIgniter.php(333): CodeIgniter\CodeIgniter->handleRequest(NULL, Object(Config\Cache), false)
#7 /opt/lampp/htdocs/kantor/index.php(44): CodeIgniter\CodeIgniter->run()
#8 {main}
CRITICAL - 2023-01-30 23:33:29 --> Call to a member function getError() on string
#0 /opt/lampp/htdocs/kantor/system/View/View.php(220): include()
#1 /opt/lampp/htdocs/kantor/system/View/View.php(222): CodeIgniter\View\View->CodeIgniter\View\{closure}()
#2 /opt/lampp/htdocs/kantor/system/Common.php(1217): CodeIgniter\View\View->render('login', Array, true)
#3 /opt/lampp/htdocs/kantor/app/Controllers/C_login.php(11): view('login', Array)
#4 /opt/lampp/htdocs/kantor/system/CodeIgniter.php(936): App\Controllers\C_login->index()
#5 /opt/lampp/htdocs/kantor/system/CodeIgniter.php(432): CodeIgniter\CodeIgniter->runController(Object(App\Controllers\C_login))
#6 /opt/lampp/htdocs/kantor/system/CodeIgniter.php(333): CodeIgniter\CodeIgniter->handleRequest(NULL, Object(Config\Cache), false)
#7 /opt/lampp/htdocs/kantor/index.php(44): CodeIgniter\CodeIgniter->run()
#8 {main}
CRITICAL - 2023-01-30 23:33:30 --> Call to a member function getError() on string
#0 /opt/lampp/htdocs/kantor/system/View/View.php(220): include()
#1 /opt/lampp/htdocs/kantor/system/View/View.php(222): CodeIgniter\View\View->CodeIgniter\View\{closure}()
#2 /opt/lampp/htdocs/kantor/system/Common.php(1217): CodeIgniter\View\View->render('login', Array, true)
#3 /opt/lampp/htdocs/kantor/app/Controllers/C_login.php(11): view('login', Array)
#4 /opt/lampp/htdocs/kantor/system/CodeIgniter.php(936): App\Controllers\C_login->index()
#5 /opt/lampp/htdocs/kantor/system/CodeIgniter.php(432): CodeIgniter\CodeIgniter->runController(Object(App\Controllers\C_login))
#6 /opt/lampp/htdocs/kantor/system/CodeIgniter.php(333): CodeIgniter\CodeIgniter->handleRequest(NULL, Object(Config\Cache), false)
#7 /opt/lampp/htdocs/kantor/index.php(44): CodeIgniter\CodeIgniter->run()
#8 {main}
CRITICAL - 2023-01-30 23:33:44 --> Call to a member function getError() on null
#0 /opt/lampp/htdocs/kantor/system/View/View.php(220): include()
#1 /opt/lampp/htdocs/kantor/system/View/View.php(222): CodeIgniter\View\View->CodeIgniter\View\{closure}()
#2 /opt/lampp/htdocs/kantor/system/Common.php(1217): CodeIgniter\View\View->render('login', Array, true)
#3 /opt/lampp/htdocs/kantor/app/Controllers/C_login.php(11): view('login', Array)
#4 /opt/lampp/htdocs/kantor/system/CodeIgniter.php(936): App\Controllers\C_login->index()
#5 /opt/lampp/htdocs/kantor/system/CodeIgniter.php(432): CodeIgniter\CodeIgniter->runController(Object(App\Controllers\C_login))
#6 /opt/lampp/htdocs/kantor/system/CodeIgniter.php(333): CodeIgniter\CodeIgniter->handleRequest(NULL, Object(Config\Cache), false)
#7 /opt/lampp/htdocs/kantor/index.php(44): CodeIgniter\CodeIgniter->run()
#8 {main}
CRITICAL - 2023-01-30 23:50:06 --> array_map(): Expected parameter 2 to be an array, null given
#0 [internal function]: CodeIgniter\Debug\Exceptions->errorHandler(2, 'array_map(): Ex...', '/opt/lampp/htdo...', 29, Array)
#1 /opt/lampp/htdocs/kantor/app/Controllers/C_login.php(29): array_map(Object(Closure), NULL)
#2 /opt/lampp/htdocs/kantor/system/CodeIgniter.php(936): App\Controllers\C_login->logging_in()
#3 /opt/lampp/htdocs/kantor/system/CodeIgniter.php(432): CodeIgniter\CodeIgniter->runController(Object(App\Controllers\C_login))
#4 /opt/lampp/htdocs/kantor/system/CodeIgniter.php(333): CodeIgniter\CodeIgniter->handleRequest(NULL, Object(Config\Cache), false)
#5 /opt/lampp/htdocs/kantor/index.php(44): CodeIgniter\CodeIgniter->run()
#6 {main}
CRITICAL - 2023-01-30 23:51:07 --> Use of undefined constant errors - assumed 'errors' (this will throw an Error in a future version of PHP)
#0 /opt/lampp/htdocs/kantor/app/Controllers/C_login.php(29): CodeIgniter\Debug\Exceptions->errorHandler(2, 'Use of undefine...', '/opt/lampp/htdo...', 29, Array)
#1 /opt/lampp/htdocs/kantor/system/CodeIgniter.php(936): App\Controllers\C_login->logging_in()
#2 /opt/lampp/htdocs/kantor/system/CodeIgniter.php(432): CodeIgniter\CodeIgniter->runController(Object(App\Controllers\C_login))
#3 /opt/lampp/htdocs/kantor/system/CodeIgniter.php(333): CodeIgniter\CodeIgniter->handleRequest(NULL, Object(Config\Cache), false)
#4 /opt/lampp/htdocs/kantor/index.php(44): CodeIgniter\CodeIgniter->run()
#5 {main}
CRITICAL - 2023-01-30 23:51:15 --> array_map(): Expected parameter 2 to be an array, null given
#0 [internal function]: CodeIgniter\Debug\Exceptions->errorHandler(2, 'array_map(): Ex...', '/opt/lampp/htdo...', 30, Array)
#1 /opt/lampp/htdocs/kantor/app/Controllers/C_login.php(30): array_map(Object(Closure), NULL)
#2 /opt/lampp/htdocs/kantor/system/CodeIgniter.php(936): App\Controllers\C_login->logging_in()
#3 /opt/lampp/htdocs/kantor/system/CodeIgniter.php(432): CodeIgniter\CodeIgniter->runController(Object(App\Controllers\C_login))
#4 /opt/lampp/htdocs/kantor/system/CodeIgniter.php(333): CodeIgniter\CodeIgniter->handleRequest(NULL, Object(Config\Cache), false)
#5 /opt/lampp/htdocs/kantor/index.php(44): CodeIgniter\CodeIgniter->run()
#6 {main}
CRITICAL - 2023-01-30 23:58:36 --> preg_match() expects parameter 2 to be string, array given
#0 [internal function]: CodeIgniter\Debug\Exceptions->errorHandler(2, 'preg_match() ex...', '/opt/lampp/htdo...', 278, Array)
#1 /opt/lampp/htdocs/kantor/system/Validation/Validation.php(278): preg_match('/(.*?)\\[(.*)\\]/', Array, NULL)
#2 /opt/lampp/htdocs/kantor/system/Validation/Validation.php(164): CodeIgniter\Validation\Validation->processRules('1', '1', NULL, Array, Array)
#3 /opt/lampp/htdocs/kantor/system/Controller.php(181): CodeIgniter\Validation\Validation->run()
#4 /opt/lampp/htdocs/kantor/app/Controllers/C_login.php(28): CodeIgniter\Controller->validate(Array)
#5 /opt/lampp/htdocs/kantor/system/CodeIgniter.php(936): App\Controllers\C_login->logging_in()
#6 /opt/lampp/htdocs/kantor/system/CodeIgniter.php(432): CodeIgniter\CodeIgniter->runController(Object(App\Controllers\C_login))
#7 /opt/lampp/htdocs/kantor/system/CodeIgniter.php(333): CodeIgniter\CodeIgniter->handleRequest(NULL, Object(Config\Cache), false)
#8 /opt/lampp/htdocs/kantor/index.php(44): CodeIgniter\CodeIgniter->run()
#9 {main}
