CRITICAL - 2023-01-31 00:04:02 --> Object of class CodeIgniter\HTTP\IncomingRequest could not be converted to string
#0 /opt/lampp/htdocs/kantor/system/CodeIgniter.php(936): App\Controllers\C_login->logging_in()
#1 /opt/lampp/htdocs/kantor/system/CodeIgniter.php(432): CodeIgniter\CodeIgniter->runController(Object(App\Controllers\C_login))
#2 /opt/lampp/htdocs/kantor/system/CodeIgniter.php(333): CodeIgniter\CodeIgniter->handleRequest(NULL, Object(Config\Cache), false)
#3 /opt/lampp/htdocs/kantor/index.php(44): CodeIgniter\CodeIgniter->run()
#4 {main}
CRITICAL - 2023-01-31 00:04:52 --> Call to undefined function App\Controllers\verify()
#0 /opt/lampp/htdocs/kantor/system/CodeIgniter.php(936): App\Controllers\C_login->logging_in()
#1 /opt/lampp/htdocs/kantor/system/CodeIgniter.php(432): CodeIgniter\CodeIgniter->runController(Object(App\Controllers\C_login))
#2 /opt/lampp/htdocs/kantor/system/CodeIgniter.php(333): CodeIgniter\CodeIgniter->handleRequest(NULL, Object(Config\Cache), false)
#3 /opt/lampp/htdocs/kantor/index.php(44): CodeIgniter\CodeIgniter->run()
#4 {main}
CRITICAL - 2023-01-31 00:27:08 --> Call to undefined method CodeIgniter\Database\MySQLi\Connection::get_where()
#0 /opt/lampp/htdocs/kantor/app/Controllers/C_login.php(35): App\Models\M_User->verify(Object(CodeIgniter\HTTP\IncomingRequest))
#1 /opt/lampp/htdocs/kantor/system/CodeIgniter.php(936): App\Controllers\C_login->logging_in()
#2 /opt/lampp/htdocs/kantor/system/CodeIgniter.php(432): CodeIgniter\CodeIgniter->runController(Object(App\Controllers\C_login))
#3 /opt/lampp/htdocs/kantor/system/CodeIgniter.php(333): CodeIgniter\CodeIgniter->handleRequest(NULL, Object(Config\Cache), false)
#4 /opt/lampp/htdocs/kantor/index.php(44): CodeIgniter\CodeIgniter->run()
#5 {main}
CRITICAL - 2023-01-31 00:36:52 --> Call to a member function getWhere() on null
#0 /opt/lampp/htdocs/kantor/app/Controllers/C_login.php(35): App\Models\M_User->verify(Object(CodeIgniter\HTTP\IncomingRequest))
#1 /opt/lampp/htdocs/kantor/system/CodeIgniter.php(936): App\Controllers\C_login->logging_in()
#2 /opt/lampp/htdocs/kantor/system/CodeIgniter.php(432): CodeIgniter\CodeIgniter->runController(Object(App\Controllers\C_login))
#3 /opt/lampp/htdocs/kantor/system/CodeIgniter.php(333): CodeIgniter\CodeIgniter->handleRequest(NULL, Object(Config\Cache), false)
#4 /opt/lampp/htdocs/kantor/index.php(44): CodeIgniter\CodeIgniter->run()
#5 {main}
CRITICAL - 2023-01-31 00:39:59 --> Object of class App\Models\M_User could not be converted to string
#0 /opt/lampp/htdocs/kantor/app/Controllers/C_login.php(35): App\Models\M_User->verify(Object(CodeIgniter\HTTP\IncomingRequest))
#1 /opt/lampp/htdocs/kantor/system/CodeIgniter.php(936): App\Controllers\C_login->logging_in()
#2 /opt/lampp/htdocs/kantor/system/CodeIgniter.php(432): CodeIgniter\CodeIgniter->runController(Object(App\Controllers\C_login))
#3 /opt/lampp/htdocs/kantor/system/CodeIgniter.php(333): CodeIgniter\CodeIgniter->handleRequest(NULL, Object(Config\Cache), false)
#4 /opt/lampp/htdocs/kantor/index.php(44): CodeIgniter\CodeIgniter->run()
#5 {main}
CRITICAL - 2023-01-31 00:40:16 --> syntax error, unexpected '(', expecting identifier (T_STRING) or variable (T_VARIABLE) or '{' or '$'
#0 /opt/lampp/htdocs/kantor/system/Autoloader/Autoloader.php(265): CodeIgniter\Autoloader\Autoloader->includeFile('/opt/lampp/htdo...')
#1 /opt/lampp/htdocs/kantor/system/Autoloader/Autoloader.php(228): CodeIgniter\Autoloader\Autoloader->loadInNamespace('App\\Models\\M_Us...')
#2 [internal function]: CodeIgniter\Autoloader\Autoloader->loadClass('App\\Models\\M_Us...')
#3 [internal function]: spl_autoload_call('App\\Models\\M_Us...')
#4 /opt/lampp/htdocs/kantor/system/Config/Factories.php(144): class_exists('App\\Models\\M_Us...')
#5 /opt/lampp/htdocs/kantor/system/Config/Factories.php(109): CodeIgniter\Config\Factories::locateClass(Array, 'M_User')
#6 /opt/lampp/htdocs/kantor/system/Common.php(847): CodeIgniter\Config\Factories::__callStatic('models', Array)
#7 /opt/lampp/htdocs/kantor/app/Controllers/BaseController.php(50): model('M_User')
#8 /opt/lampp/htdocs/kantor/system/CodeIgniter.php(909): App\Controllers\BaseController->initController(Object(CodeIgniter\HTTP\IncomingRequest), Object(CodeIgniter\HTTP\Response), Object(CodeIgniter\Log\Logger))
#9 /opt/lampp/htdocs/kantor/system/CodeIgniter.php(422): CodeIgniter\CodeIgniter->createController()
#10 /opt/lampp/htdocs/kantor/system/CodeIgniter.php(333): CodeIgniter\CodeIgniter->handleRequest(NULL, Object(Config\Cache), false)
#11 /opt/lampp/htdocs/kantor/index.php(44): CodeIgniter\CodeIgniter->run()
#12 {main}
CRITICAL - 2023-01-31 00:42:26 --> Constant expression contains invalid operations
#0 [internal function]: CodeIgniter\Debug\Exceptions->shutdownHandler()
#1 {main}
CRITICAL - 2023-01-31 00:47:34 --> Object of class CodeIgniter\Database\MySQLi\Result could not be converted to string
#0 /opt/lampp/htdocs/kantor/system/CodeIgniter.php(936): App\Controllers\C_login->logging_in()
#1 /opt/lampp/htdocs/kantor/system/CodeIgniter.php(432): CodeIgniter\CodeIgniter->runController(Object(App\Controllers\C_login))
#2 /opt/lampp/htdocs/kantor/system/CodeIgniter.php(333): CodeIgniter\CodeIgniter->handleRequest(NULL, Object(Config\Cache), false)
#3 /opt/lampp/htdocs/kantor/index.php(44): CodeIgniter\CodeIgniter->run()
#4 {main}
CRITICAL - 2023-01-31 00:56:29 --> Call to a member function table() on null
#0 /opt/lampp/htdocs/kantor/system/Config/Factories.php(114): App\Models\M_User->__construct(NULL)
#1 /opt/lampp/htdocs/kantor/system/Common.php(847): CodeIgniter\Config\Factories::__callStatic('models', Array)
#2 /opt/lampp/htdocs/kantor/app/Controllers/BaseController.php(50): model('M_User')
#3 /opt/lampp/htdocs/kantor/system/CodeIgniter.php(909): App\Controllers\BaseController->initController(Object(CodeIgniter\HTTP\IncomingRequest), Object(CodeIgniter\HTTP\Response), Object(CodeIgniter\Log\Logger))
#4 /opt/lampp/htdocs/kantor/system/CodeIgniter.php(422): CodeIgniter\CodeIgniter->createController()
#5 /opt/lampp/htdocs/kantor/system/CodeIgniter.php(333): CodeIgniter\CodeIgniter->handleRequest(NULL, Object(Config\Cache), false)
#6 /opt/lampp/htdocs/kantor/index.php(44): CodeIgniter\CodeIgniter->run()
#7 {main}
CRITICAL - 2023-01-31 00:57:17 --> Call to a member function getWhere() on null
#0 /opt/lampp/htdocs/kantor/app/Controllers/C_login.php(35): App\Models\M_User->verify(Object(CodeIgniter\HTTP\IncomingRequest))
#1 /opt/lampp/htdocs/kantor/system/CodeIgniter.php(936): App\Controllers\C_login->logging_in()
#2 /opt/lampp/htdocs/kantor/system/CodeIgniter.php(432): CodeIgniter\CodeIgniter->runController(Object(App\Controllers\C_login))
#3 /opt/lampp/htdocs/kantor/system/CodeIgniter.php(333): CodeIgniter\CodeIgniter->handleRequest(NULL, Object(Config\Cache), false)
#4 /opt/lampp/htdocs/kantor/index.php(44): CodeIgniter\CodeIgniter->run()
#5 {main}
CRITICAL - 2023-01-31 00:57:28 --> Call to a member function getResult() on null
#0 /opt/lampp/htdocs/kantor/app/Controllers/C_login.php(35): App\Models\M_User->verify(Object(CodeIgniter\HTTP\IncomingRequest))
#1 /opt/lampp/htdocs/kantor/system/CodeIgniter.php(936): App\Controllers\C_login->logging_in()
#2 /opt/lampp/htdocs/kantor/system/CodeIgniter.php(432): CodeIgniter\CodeIgniter->runController(Object(App\Controllers\C_login))
#3 /opt/lampp/htdocs/kantor/system/CodeIgniter.php(333): CodeIgniter\CodeIgniter->handleRequest(NULL, Object(Config\Cache), false)
#4 /opt/lampp/htdocs/kantor/index.php(44): CodeIgniter\CodeIgniter->run()
#5 {main}
CRITICAL - 2023-01-31 00:57:45 --> Call to a member function get() on null
#0 /opt/lampp/htdocs/kantor/app/Controllers/C_login.php(35): App\Models\M_User->verify(Object(CodeIgniter\HTTP\IncomingRequest))
#1 /opt/lampp/htdocs/kantor/system/CodeIgniter.php(936): App\Controllers\C_login->logging_in()
#2 /opt/lampp/htdocs/kantor/system/CodeIgniter.php(432): CodeIgniter\CodeIgniter->runController(Object(App\Controllers\C_login))
#3 /opt/lampp/htdocs/kantor/system/CodeIgniter.php(333): CodeIgniter\CodeIgniter->handleRequest(NULL, Object(Config\Cache), false)
#4 /opt/lampp/htdocs/kantor/index.php(44): CodeIgniter\CodeIgniter->run()
#5 {main}
CRITICAL - 2023-01-31 01:23:24 --> Call to a member function getResult() on null
#0 /opt/lampp/htdocs/kantor/app/Controllers/C_login.php(35): App\Models\M_User->verify(Object(CodeIgniter\HTTP\IncomingRequest))
#1 /opt/lampp/htdocs/kantor/system/CodeIgniter.php(936): App\Controllers\C_login->logging_in()
#2 /opt/lampp/htdocs/kantor/system/CodeIgniter.php(432): CodeIgniter\CodeIgniter->runController(Object(App\Controllers\C_login))
#3 /opt/lampp/htdocs/kantor/system/CodeIgniter.php(333): CodeIgniter\CodeIgniter->handleRequest(NULL, Object(Config\Cache), false)
#4 /opt/lampp/htdocs/kantor/index.php(44): CodeIgniter\CodeIgniter->run()
#5 {main}
CRITICAL - 2023-01-31 01:28:00 --> Call to a member function getResultArray() on null
#0 /opt/lampp/htdocs/kantor/app/Controllers/C_login.php(35): App\Models\M_User->verify(Object(CodeIgniter\HTTP\IncomingRequest))
#1 /opt/lampp/htdocs/kantor/system/CodeIgniter.php(936): App\Controllers\C_login->logging_in()
#2 /opt/lampp/htdocs/kantor/system/CodeIgniter.php(432): CodeIgniter\CodeIgniter->runController(Object(App\Controllers\C_login))
#3 /opt/lampp/htdocs/kantor/system/CodeIgniter.php(333): CodeIgniter\CodeIgniter->handleRequest(NULL, Object(Config\Cache), false)
#4 /opt/lampp/htdocs/kantor/index.php(44): CodeIgniter\CodeIgniter->run()
#5 {main}
CRITICAL - 2023-01-31 09:34:29 --> Illegal offset type
#0 /opt/lampp/htdocs/kantor/system/Session/Session.php(503): CodeIgniter\Debug\Exceptions->errorHandler(2, 'Illegal offset ...', '/opt/lampp/htdo...', 503, Array)
#1 /opt/lampp/htdocs/kantor/app/Controllers/C_login.php(36): CodeIgniter\Session\Session->set(Object(stdClass))
#2 /opt/lampp/htdocs/kantor/system/CodeIgniter.php(936): App\Controllers\C_login->logging_in()
#3 /opt/lampp/htdocs/kantor/system/CodeIgniter.php(432): CodeIgniter\CodeIgniter->runController(Object(App\Controllers\C_login))
#4 /opt/lampp/htdocs/kantor/system/CodeIgniter.php(333): CodeIgniter\CodeIgniter->handleRequest(NULL, Object(Config\Cache), false)
#5 /opt/lampp/htdocs/kantor/index.php(44): CodeIgniter\CodeIgniter->run()
#6 {main}
CRITICAL - 2023-01-31 09:43:53 --> Invalid file: Scripts/script_dashboard.php
#0 /opt/lampp/htdocs/kantor/system/View/View.php(203): CodeIgniter\Exceptions\FrameworkException::forInvalidFile('Scripts/script_...')
#1 /opt/lampp/htdocs/kantor/system/View/View.php(468): CodeIgniter\View\View->render('Scripts/script_...', NULL, true)
#2 /opt/lampp/htdocs/kantor/app/Views/dashboard.php(255): CodeIgniter\View\View->include('Scripts/script_...')
#3 /opt/lampp/htdocs/kantor/system/View/View.php(220): include('/opt/lampp/htdo...')
#4 /opt/lampp/htdocs/kantor/system/View/View.php(222): CodeIgniter\View\View->CodeIgniter\View\{closure}()
#5 /opt/lampp/htdocs/kantor/system/Common.php(1217): CodeIgniter\View\View->render('dashboard', Array, true)
#6 /opt/lampp/htdocs/kantor/app/Controllers/C_login.php(41): view('dashboard')
#7 /opt/lampp/htdocs/kantor/system/CodeIgniter.php(936): App\Controllers\C_login->logging_in()
#8 /opt/lampp/htdocs/kantor/system/CodeIgniter.php(432): CodeIgniter\CodeIgniter->runController(Object(App\Controllers\C_login))
#9 /opt/lampp/htdocs/kantor/system/CodeIgniter.php(333): CodeIgniter\CodeIgniter->handleRequest(NULL, Object(Config\Cache), false)
#10 /opt/lampp/htdocs/kantor/index.php(44): CodeIgniter\CodeIgniter->run()
#11 {main}
